2019-05-09 10:54:45 Error: [MissingControllerException] Controller class UsersController could not be found.
Exception Attributes: array (
  'class' => 'UsersController',
  'plugin' => NULL,
)
Request URL: /cakephp/users/login
Stack Trace:
#0 /var/www/html/cakephp/app/webroot/index.php(117): Dispatcher->dispatch(Object(CakeRequest), Object(CakeResponse))
#1 {main}
2019-05-09 10:55:23 Error: [MissingControllerException] Controller class UsersController could not be found.
Exception Attributes: array (
  'class' => 'UsersController',
  'plugin' => NULL,
)
Request URL: /cakephp/users/login
Stack Trace:
#0 /var/www/html/cakephp/app/webroot/index.php(117): Dispatcher->dispatch(Object(CakeRequest), Object(CakeResponse))
#1 {main}
2019-05-09 10:55:49 Error: [MissingControllerException] Controller class UsersController could not be found.
Exception Attributes: array (
  'class' => 'UsersController',
  'plugin' => NULL,
)
Request URL: /cakephp/users/login
Stack Trace:
#0 /var/www/html/cakephp/app/webroot/index.php(117): Dispatcher->dispatch(Object(CakeRequest), Object(CakeResponse))
#1 {main}
2019-05-09 10:55:50 Error: [MissingControllerException] Controller class UsersController could not be found.
Exception Attributes: array (
  'class' => 'UsersController',
  'plugin' => NULL,
)
Request URL: /cakephp/users/login
Stack Trace:
#0 /var/www/html/cakephp/app/webroot/index.php(117): Dispatcher->dispatch(Object(CakeRequest), Object(CakeResponse))
#1 {main}
2019-05-09 10:55:51 Error: [MissingControllerException] Controller class UsersController could not be found.
Exception Attributes: array (
  'class' => 'UsersController',
  'plugin' => NULL,
)
Request URL: /cakephp/users/login
Stack Trace:
#0 /var/www/html/cakephp/app/webroot/index.php(117): Dispatcher->dispatch(Object(CakeRequest), Object(CakeResponse))
#1 {main}
2019-05-09 10:55:53 Error: [MissingControllerException] Controller class UsersController could not be found.
Exception Attributes: array (
  'class' => 'UsersController',
  'plugin' => NULL,
)
Request URL: /cakephp/users/login
Stack Trace:
#0 /var/www/html/cakephp/app/webroot/index.php(117): Dispatcher->dispatch(Object(CakeRequest), Object(CakeResponse))
#1 {main}
2019-05-09 10:56:27 Error: [MissingControllerException] Controller class UsersController could not be found.
Exception Attributes: array (
  'class' => 'UsersController',
  'plugin' => NULL,
)
Request URL: /cakephp/users/login
Stack Trace:
#0 /var/www/html/cakephp/app/webroot/index.php(117): Dispatcher->dispatch(Object(CakeRequest), Object(CakeResponse))
#1 {main}
2019-05-09 10:56:42 Error: [MissingControllerException] Controller class UsersController could not be found.
Exception Attributes: array (
  'class' => 'UsersController',
  'plugin' => NULL,
)
Request URL: /cakephp/users/login
Stack Trace:
#0 /var/www/html/cakephp/app/webroot/index.php(117): Dispatcher->dispatch(Object(CakeRequest), Object(CakeResponse))
#1 {main}
2019-05-09 10:56:44 Error: [MissingControllerException] Controller class UsersController could not be found.
Exception Attributes: array (
  'class' => 'UsersController',
  'plugin' => NULL,
)
Request URL: /cakephp/users/login
Stack Trace:
#0 /var/www/html/cakephp/app/webroot/index.php(117): Dispatcher->dispatch(Object(CakeRequest), Object(CakeResponse))
#1 {main}
2019-05-09 10:57:02 Error: [MissingControllerException] Controller class UsersController could not be found.
Exception Attributes: array (
  'class' => 'UsersController',
  'plugin' => NULL,
)
Request URL: /cakephp/users/login
Stack Trace:
#0 /var/www/html/cakephp/app/webroot/index.php(117): Dispatcher->dispatch(Object(CakeRequest), Object(CakeResponse))
#1 {main}
2019-05-09 11:05:26 Error: [MissingControllerException] Controller class UsersController could not be found.
Exception Attributes: array (
  'class' => 'UsersController',
  'plugin' => NULL,
)
Request URL: /cakephp/users/login
Stack Trace:
#0 /var/www/html/cakephp/app/webroot/index.php(117): Dispatcher->dispatch(Object(CakeRequest), Object(CakeResponse))
#1 {main}
2019-05-09 11:06:00 Error: [MissingControllerException] Controller class UsersController could not be found.
Exception Attributes: array (
  'class' => 'UsersController',
  'plugin' => NULL,
)
Request URL: /cakephp/users/login
Stack Trace:
#0 /var/www/html/cakephp/app/webroot/index.php(117): Dispatcher->dispatch(Object(CakeRequest), Object(CakeResponse))
#1 {main}
2019-05-09 11:06:10 Error: [MissingControllerException] Controller class UsersController could not be found.
Exception Attributes: array (
  'class' => 'UsersController',
  'plugin' => NULL,
)
Request URL: /cakephp/users/login
Stack Trace:
#0 /var/www/html/cakephp/app/webroot/index.php(117): Dispatcher->dispatch(Object(CakeRequest), Object(CakeResponse))
#1 {main}
2019-05-09 11:06:12 Error: [MissingControllerException] Controller class UsersController could not be found.
Exception Attributes: array (
  'class' => 'UsersController',
  'plugin' => NULL,
)
Request URL: /cakephp/users/login
Stack Trace:
#0 /var/www/html/cakephp/app/webroot/index.php(117): Dispatcher->dispatch(Object(CakeRequest), Object(CakeResponse))
#1 {main}
2019-05-09 11:06:19 Error: [MissingControllerException] Controller class UsersController could not be found.
Exception Attributes: array (
  'class' => 'UsersController',
  'plugin' => NULL,
)
Request URL: /cakephp/users/login
Stack Trace:
#0 /var/www/html/cakephp/app/webroot/index.php(117): Dispatcher->dispatch(Object(CakeRequest), Object(CakeResponse))
#1 {main}
2019-05-09 11:06:39 Error: [MissingControllerException] Controller class UsersController could not be found.
Exception Attributes: array (
  'class' => 'UsersController',
  'plugin' => NULL,
)
Request URL: /cakephp/users/login
Stack Trace:
#0 /var/www/html/cakephp/app/webroot/index.php(117): Dispatcher->dispatch(Object(CakeRequest), Object(CakeResponse))
#1 {main}
2019-05-09 11:06:47 Error: [MissingControllerException] Controller class UsersController could not be found.
Exception Attributes: array (
  'class' => 'UsersController',
  'plugin' => NULL,
)
Request URL: /cakephp/users/login
Stack Trace:
#0 /var/www/html/cakephp/app/webroot/index.php(117): Dispatcher->dispatch(Object(CakeRequest), Object(CakeResponse))
#1 {main}
2019-05-09 11:06:54 Error: [MissingControllerException] Controller class UsersController could not be found.
Exception Attributes: array (
  'class' => 'UsersController',
  'plugin' => NULL,
)
Request URL: /cakephp/users/login
Stack Trace:
#0 /var/www/html/cakephp/app/webroot/index.php(117): Dispatcher->dispatch(Object(CakeRequest), Object(CakeResponse))
#1 {main}
2019-05-09 11:09:24 Error: [MissingControllerException] Controller class UsersController could not be found.
Exception Attributes: array (
  'class' => 'UsersController',
  'plugin' => NULL,
)
Request URL: /cakephp/users/login
Stack Trace:
#0 /var/www/html/cakephp/app/webroot/index.php(117): Dispatcher->dispatch(Object(CakeRequest), Object(CakeResponse))
#1 {main}
2019-05-09 11:16:55 Error: Fatal Error (1): Uncaught TypeError: Argument 1 passed to ErrorHandler::handleException() must be an instance of Exception, instance of TypeError given in /var/www/html/cakephp/lib/Cake/Error/ErrorHandler.php:116
Stack trace:
#0 [internal function]: ErrorHandler::handleException(Object(TypeError))
#1 {main}
  thrown in [/var/www/html/cakephp/lib/Cake/Error/ErrorHandler.php, line 116]
2019-05-09 11:16:55 Error: [InternalErrorException] Internal Server Error
Request URL: /cakephp/posts
Stack Trace:
#0 /var/www/html/cakephp/lib/Cake/Error/ErrorHandler.php(213): ErrorHandler::handleFatalError(1, 'Uncaught TypeEr...', '/var/www/html/c...', 116)
#1 /var/www/html/cakephp/lib/Cake/Core/App.php(933): ErrorHandler::handleError(1, 'Uncaught TypeEr...', '/var/www/html/c...', 116, Array)
#2 /var/www/html/cakephp/lib/Cake/Core/App.php(906): App::_checkFatalError()
#3 [internal function]: App::shutdown()
#4 {main}
2019-05-09 11:17:02 Error: Fatal Error (1): Uncaught TypeError: Argument 1 passed to ErrorHandler::handleException() must be an instance of Exception, instance of TypeError given in /var/www/html/cakephp/lib/Cake/Error/ErrorHandler.php:116
Stack trace:
#0 [internal function]: ErrorHandler::handleException(Object(TypeError))
#1 {main}
  thrown in [/var/www/html/cakephp/lib/Cake/Error/ErrorHandler.php, line 116]
2019-05-09 11:17:02 Error: [InternalErrorException] Internal Server Error
Request URL: /cakephp/posts
Stack Trace:
#0 /var/www/html/cakephp/lib/Cake/Error/ErrorHandler.php(213): ErrorHandler::handleFatalError(1, 'Uncaught TypeEr...', '/var/www/html/c...', 116)
#1 /var/www/html/cakephp/lib/Cake/Core/App.php(933): ErrorHandler::handleError(1, 'Uncaught TypeEr...', '/var/www/html/c...', 116, Array)
#2 /var/www/html/cakephp/lib/Cake/Core/App.php(906): App::_checkFatalError()
#3 [internal function]: App::shutdown()
#4 {main}
2019-05-09 11:17:58 Error: Fatal Error (1): Uncaught TypeError: Argument 1 passed to ErrorHandler::handleException() must be an instance of Exception, instance of TypeError given in /var/www/html/cakephp/lib/Cake/Error/ErrorHandler.php:116
Stack trace:
#0 [internal function]: ErrorHandler::handleException(Object(TypeError))
#1 {main}
  thrown in [/var/www/html/cakephp/lib/Cake/Error/ErrorHandler.php, line 116]
2019-05-09 11:17:58 Error: [InternalErrorException] Internal Server Error
Request URL: /cakephp/posts
Stack Trace:
#0 /var/www/html/cakephp/lib/Cake/Error/ErrorHandler.php(213): ErrorHandler::handleFatalError(1, 'Uncaught TypeEr...', '/var/www/html/c...', 116)
#1 /var/www/html/cakephp/lib/Cake/Core/App.php(933): ErrorHandler::handleError(1, 'Uncaught TypeEr...', '/var/www/html/c...', 116, Array)
#2 /var/www/html/cakephp/lib/Cake/Core/App.php(906): App::_checkFatalError()
#3 [internal function]: App::shutdown()
#4 {main}
2019-05-09 11:18:13 Error: Fatal Error (1): Uncaught TypeError: Argument 1 passed to ErrorHandler::handleException() must be an instance of Exception, instance of TypeError given in /var/www/html/cakephp/lib/Cake/Error/ErrorHandler.php:116
Stack trace:
#0 [internal function]: ErrorHandler::handleException(Object(TypeError))
#1 {main}
  thrown in [/var/www/html/cakephp/lib/Cake/Error/ErrorHandler.php, line 116]
2019-05-09 11:18:13 Error: [InternalErrorException] Internal Server Error
Request URL: /cakephp/posts
Stack Trace:
#0 /var/www/html/cakephp/lib/Cake/Error/ErrorHandler.php(213): ErrorHandler::handleFatalError(1, 'Uncaught TypeEr...', '/var/www/html/c...', 116)
#1 /var/www/html/cakephp/lib/Cake/Core/App.php(933): ErrorHandler::handleError(1, 'Uncaught TypeEr...', '/var/www/html/c...', 116, Array)
#2 /var/www/html/cakephp/lib/Cake/Core/App.php(906): App::_checkFatalError()
#3 [internal function]: App::shutdown()
#4 {main}
2019-05-09 11:18:20 Error: Fatal Error (1): Uncaught TypeError: Argument 1 passed to ErrorHandler::handleException() must be an instance of Exception, instance of TypeError given in /var/www/html/cakephp/lib/Cake/Error/ErrorHandler.php:116
Stack trace:
#0 [internal function]: ErrorHandler::handleException(Object(TypeError))
#1 {main}
  thrown in [/var/www/html/cakephp/lib/Cake/Error/ErrorHandler.php, line 116]
2019-05-09 11:18:20 Error: [InternalErrorException] Internal Server Error
Request URL: /cakephp/posts
Stack Trace:
#0 /var/www/html/cakephp/lib/Cake/Error/ErrorHandler.php(213): ErrorHandler::handleFatalError(1, 'Uncaught TypeEr...', '/var/www/html/c...', 116)
#1 /var/www/html/cakephp/lib/Cake/Core/App.php(933): ErrorHandler::handleError(1, 'Uncaught TypeEr...', '/var/www/html/c...', 116, Array)
#2 /var/www/html/cakephp/lib/Cake/Core/App.php(906): App::_checkFatalError()
#3 [internal function]: App::shutdown()
#4 {main}
2019-05-09 11:18:29 Error: Fatal Error (1): Uncaught TypeError: Argument 1 passed to ErrorHandler::handleException() must be an instance of Exception, instance of TypeError given in /var/www/html/cakephp/lib/Cake/Error/ErrorHandler.php:116
Stack trace:
#0 [internal function]: ErrorHandler::handleException(Object(TypeError))
#1 {main}
  thrown in [/var/www/html/cakephp/lib/Cake/Error/ErrorHandler.php, line 116]
2019-05-09 11:18:29 Error: [InternalErrorException] Internal Server Error
Request URL: /cakephp/posts
Stack Trace:
#0 /var/www/html/cakephp/lib/Cake/Error/ErrorHandler.php(213): ErrorHandler::handleFatalError(1, 'Uncaught TypeEr...', '/var/www/html/c...', 116)
#1 /var/www/html/cakephp/lib/Cake/Core/App.php(933): ErrorHandler::handleError(1, 'Uncaught TypeEr...', '/var/www/html/c...', 116, Array)
#2 /var/www/html/cakephp/lib/Cake/Core/App.php(906): App::_checkFatalError()
#3 [internal function]: App::shutdown()
#4 {main}
2019-05-09 13:09:12 Error: [MissingControllerException] Controller class UsersController could not be found.
Exception Attributes: array (
  'class' => 'UsersController',
  'plugin' => NULL,
)
Request URL: /cakephp/users/login
Stack Trace:
#0 /var/www/html/cakephp/app/webroot/index.php(117): Dispatcher->dispatch(Object(CakeRequest), Object(CakeResponse))
#1 {main}
2019-05-09 13:09:29 Error: [MissingControllerException] Controller class UsersController could not be found.
Exception Attributes: array (
  'class' => 'UsersController',
  'plugin' => NULL,
)
Request URL: /cakephp/users/login
Stack Trace:
#0 /var/www/html/cakephp/app/webroot/index.php(117): Dispatcher->dispatch(Object(CakeRequest), Object(CakeResponse))
#1 {main}
2019-05-09 13:13:24 Error: [MissingControllerException] Controller class UsersController could not be found.
Exception Attributes: array (
  'class' => 'UsersController',
  'plugin' => NULL,
)
Request URL: /cakephp/users/login
Stack Trace:
#0 /var/www/html/cakephp/app/webroot/index.php(117): Dispatcher->dispatch(Object(CakeRequest), Object(CakeResponse))
#1 {main}
2019-05-09 13:13:25 Error: [MissingControllerException] Controller class UsersController could not be found.
Exception Attributes: array (
  'class' => 'UsersController',
  'plugin' => NULL,
)
Request URL: /cakephp/users/login
Stack Trace:
#0 /var/www/html/cakephp/app/webroot/index.php(117): Dispatcher->dispatch(Object(CakeRequest), Object(CakeResponse))
#1 {main}
2019-05-09 13:13:43 Error: [MissingControllerException] Controller class UsersController could not be found.
Exception Attributes: array (
  'class' => 'UsersController',
  'plugin' => NULL,
)
Request URL: /cakephp/users/login
Stack Trace:
#0 /var/www/html/cakephp/app/webroot/index.php(117): Dispatcher->dispatch(Object(CakeRequest), Object(CakeResponse))
#1 {main}
2019-05-09 13:14:24 Error: [MissingControllerException] Controller class UsersController could not be found.
Exception Attributes: array (
  'class' => 'UsersController',
  'plugin' => NULL,
)
Request URL: /cakephp/users/login
Stack Trace:
#0 /var/www/html/cakephp/app/webroot/index.php(117): Dispatcher->dispatch(Object(CakeRequest), Object(CakeResponse))
#1 {main}
2019-05-09 13:14:28 Error: [MissingControllerException] Controller class UsersController could not be found.
Exception Attributes: array (
  'class' => 'UsersController',
  'plugin' => NULL,
)
Request URL: /cakephp/users/login
Stack Trace:
#0 /var/www/html/cakephp/app/webroot/index.php(117): Dispatcher->dispatch(Object(CakeRequest), Object(CakeResponse))
#1 {main}
2019-05-09 13:14:49 Error: [MissingControllerException] Controller class UsersController could not be found.
Exception Attributes: array (
  'class' => 'UsersController',
  'plugin' => NULL,
)
Request URL: /cakephp/users/login
Stack Trace:
#0 /var/www/html/cakephp/app/webroot/index.php(117): Dispatcher->dispatch(Object(CakeRequest), Object(CakeResponse))
#1 {main}
2019-05-09 13:15:20 Error: [MissingControllerException] Controller class UsersController could not be found.
Exception Attributes: array (
  'class' => 'UsersController',
  'plugin' => NULL,
)
Request URL: /cakephp/users/login
Stack Trace:
#0 /var/www/html/cakephp/app/webroot/index.php(117): Dispatcher->dispatch(Object(CakeRequest), Object(CakeResponse))
#1 {main}
2019-05-09 13:16:21 Error: [MissingControllerException] Controller class UsersController could not be found.
Exception Attributes: array (
  'class' => 'UsersController',
  'plugin' => NULL,
)
Request URL: /cakephp/users/login
Stack Trace:
#0 /var/www/html/cakephp/app/webroot/index.php(117): Dispatcher->dispatch(Object(CakeRequest), Object(CakeResponse))
#1 {main}
2019-05-09 13:16:37 Error: [MissingControllerException] Controller class UsersController could not be found.
Exception Attributes: array (
  'class' => 'UsersController',
  'plugin' => NULL,
)
Request URL: /cakephp/users/login
Stack Trace:
#0 /var/www/html/cakephp/app/webroot/index.php(117): Dispatcher->dispatch(Object(CakeRequest), Object(CakeResponse))
#1 {main}
2019-05-09 13:16:42 Error: [MissingControllerException] Controller class UsersController could not be found.
Exception Attributes: array (
  'class' => 'UsersController',
  'plugin' => NULL,
)
Request URL: /cakephp/users/login
Stack Trace:
#0 /var/www/html/cakephp/app/webroot/index.php(117): Dispatcher->dispatch(Object(CakeRequest), Object(CakeResponse))
#1 {main}
2019-05-09 13:17:04 Error: [MissingControllerException] Controller class UsersController could not be found.
Exception Attributes: array (
  'class' => 'UsersController',
  'plugin' => NULL,
)
Request URL: /cakephp/users/login
Stack Trace:
#0 /var/www/html/cakephp/app/webroot/index.php(117): Dispatcher->dispatch(Object(CakeRequest), Object(CakeResponse))
#1 {main}
2019-05-09 13:17:44 Error: Fatal Error (1): Uncaught TypeError: Argument 1 passed to ErrorHandler::handleException() must be an instance of Exception, instance of TypeError given in /var/www/html/cakephp/lib/Cake/Error/ErrorHandler.php:116
Stack trace:
#0 [internal function]: ErrorHandler::handleException(Object(TypeError))
#1 {main}
  thrown in [/var/www/html/cakephp/lib/Cake/Error/ErrorHandler.php, line 116]
2019-05-09 13:17:44 Error: [FatalErrorException] Uncaught TypeError: Argument 1 passed to ErrorHandler::handleException() must be an instance of Exception, instance of TypeError given in /var/www/html/cakephp/lib/Cake/Error/ErrorHandler.php:116
Stack trace:
#0 [internal function]: ErrorHandler::handleException(Object(TypeError))
#1 {main}
  thrown
Request URL: /cakephp/auth/me
Stack Trace:
#0 /var/www/html/cakephp/lib/Cake/Error/ErrorHandler.php(213): ErrorHandler::handleFatalError(1, 'Uncaught TypeEr...', '/var/www/html/c...', 116)
#1 /var/www/html/cakephp/lib/Cake/Core/App.php(933): ErrorHandler::handleError(1, 'Uncaught TypeEr...', '/var/www/html/c...', 116, Array)
#2 /var/www/html/cakephp/lib/Cake/Core/App.php(906): App::_checkFatalError()
#3 [internal function]: App::shutdown()
#4 {main}
2019-05-09 13:18:10 Error: [MissingControllerException] Controller class UsersController could not be found.
Exception Attributes: array (
  'class' => 'UsersController',
  'plugin' => NULL,
)
Request URL: /cakephp/users/login
Stack Trace:
#0 /var/www/html/cakephp/app/webroot/index.php(117): Dispatcher->dispatch(Object(CakeRequest), Object(CakeResponse))
#1 {main}
2019-05-09 13:19:34 Error: [MissingControllerException] Controller class UsersController could not be found.
Exception Attributes: array (
  'class' => 'UsersController',
  'plugin' => NULL,
)
Request URL: /cakephp/users/login
Stack Trace:
#0 /var/www/html/cakephp/app/webroot/index.php(117): Dispatcher->dispatch(Object(CakeRequest), Object(CakeResponse))
#1 {main}
2019-05-09 13:21:05 Error: Fatal Error (1): Uncaught TypeError: Argument 1 passed to ErrorHandler::handleException() must be an instance of Exception, instance of Error given in /var/www/html/cakephp/lib/Cake/Error/ErrorHandler.php:116
Stack trace:
#0 [internal function]: ErrorHandler::handleException(Object(Error))
#1 {main}
  thrown in [/var/www/html/cakephp/lib/Cake/Error/ErrorHandler.php, line 116]
2019-05-09 13:21:05 Error: [FatalErrorException] Uncaught TypeError: Argument 1 passed to ErrorHandler::handleException() must be an instance of Exception, instance of Error given in /var/www/html/cakephp/lib/Cake/Error/ErrorHandler.php:116
Stack trace:
#0 [internal function]: ErrorHandler::handleException(Object(Error))
#1 {main}
  thrown
Request URL: /cakephp/posts
Stack Trace:
#0 /var/www/html/cakephp/lib/Cake/Error/ErrorHandler.php(213): ErrorHandler::handleFatalError(1, 'Uncaught TypeEr...', '/var/www/html/c...', 116)
#1 /var/www/html/cakephp/lib/Cake/Core/App.php(933): ErrorHandler::handleError(1, 'Uncaught TypeEr...', '/var/www/html/c...', 116, Array)
#2 /var/www/html/cakephp/lib/Cake/Core/App.php(906): App::_checkFatalError()
#3 [internal function]: App::shutdown()
#4 {main}
2019-05-09 13:28:40 Error: Fatal Error (1): Uncaught TypeError: Argument 1 passed to ErrorHandler::handleException() must be an instance of Exception, instance of Error given in /var/www/html/cakephp/lib/Cake/Error/ErrorHandler.php:116
Stack trace:
#0 [internal function]: ErrorHandler::handleException(Object(Error))
#1 {main}
  thrown in [/var/www/html/cakephp/lib/Cake/Error/ErrorHandler.php, line 116]
2019-05-09 13:28:40 Error: [FatalErrorException] Uncaught TypeError: Argument 1 passed to ErrorHandler::handleException() must be an instance of Exception, instance of Error given in /var/www/html/cakephp/lib/Cake/Error/ErrorHandler.php:116
Stack trace:
#0 [internal function]: ErrorHandler::handleException(Object(Error))
#1 {main}
  thrown
Request URL: /cakephp/auth/me
Stack Trace:
#0 /var/www/html/cakephp/lib/Cake/Error/ErrorHandler.php(213): ErrorHandler::handleFatalError(1, 'Uncaught TypeEr...', '/var/www/html/c...', 116)
#1 /var/www/html/cakephp/lib/Cake/Core/App.php(933): ErrorHandler::handleError(1, 'Uncaught TypeEr...', '/var/www/html/c...', 116, Array)
#2 /var/www/html/cakephp/lib/Cake/Core/App.php(906): App::_checkFatalError()
#3 [internal function]: App::shutdown()
#4 {main}
2019-05-09 13:28:49 Error: Fatal Error (1): Uncaught TypeError: Argument 1 passed to ErrorHandler::handleException() must be an instance of Exception, instance of Error given in /var/www/html/cakephp/lib/Cake/Error/ErrorHandler.php:116
Stack trace:
#0 [internal function]: ErrorHandler::handleException(Object(Error))
#1 {main}
  thrown in [/var/www/html/cakephp/lib/Cake/Error/ErrorHandler.php, line 116]
2019-05-09 13:28:49 Error: [FatalErrorException] Uncaught TypeError: Argument 1 passed to ErrorHandler::handleException() must be an instance of Exception, instance of Error given in /var/www/html/cakephp/lib/Cake/Error/ErrorHandler.php:116
Stack trace:
#0 [internal function]: ErrorHandler::handleException(Object(Error))
#1 {main}
  thrown
Request URL: /cakephp/auth/me
Stack Trace:
#0 /var/www/html/cakephp/lib/Cake/Error/ErrorHandler.php(213): ErrorHandler::handleFatalError(1, 'Uncaught TypeEr...', '/var/www/html/c...', 116)
#1 /var/www/html/cakephp/lib/Cake/Core/App.php(933): ErrorHandler::handleError(1, 'Uncaught TypeEr...', '/var/www/html/c...', 116, Array)
#2 /var/www/html/cakephp/lib/Cake/Core/App.php(906): App::_checkFatalError()
#3 [internal function]: App::shutdown()
#4 {main}
2019-05-09 13:29:07 Error: Fatal Error (1): Uncaught TypeError: Argument 1 passed to ErrorHandler::handleException() must be an instance of Exception, instance of Error given in /var/www/html/cakephp/lib/Cake/Error/ErrorHandler.php:116
Stack trace:
#0 [internal function]: ErrorHandler::handleException(Object(Error))
#1 {main}
  thrown in [/var/www/html/cakephp/lib/Cake/Error/ErrorHandler.php, line 116]
2019-05-09 13:29:07 Error: [FatalErrorException] Uncaught TypeError: Argument 1 passed to ErrorHandler::handleException() must be an instance of Exception, instance of Error given in /var/www/html/cakephp/lib/Cake/Error/ErrorHandler.php:116
Stack trace:
#0 [internal function]: ErrorHandler::handleException(Object(Error))
#1 {main}
  thrown
Request URL: /cakephp/auth/me
Stack Trace:
#0 /var/www/html/cakephp/lib/Cake/Error/ErrorHandler.php(213): ErrorHandler::handleFatalError(1, 'Uncaught TypeEr...', '/var/www/html/c...', 116)
#1 /var/www/html/cakephp/lib/Cake/Core/App.php(933): ErrorHandler::handleError(1, 'Uncaught TypeEr...', '/var/www/html/c...', 116, Array)
#2 /var/www/html/cakephp/lib/Cake/Core/App.php(906): App::_checkFatalError()
#3 [internal function]: App::shutdown()
#4 {main}
2019-05-09 13:29:25 Error: Fatal Error (1): Uncaught TypeError: Argument 1 passed to ErrorHandler::handleException() must be an instance of Exception, instance of Error given in /var/www/html/cakephp/lib/Cake/Error/ErrorHandler.php:116
Stack trace:
#0 [internal function]: ErrorHandler::handleException(Object(Error))
#1 {main}
  thrown in [/var/www/html/cakephp/lib/Cake/Error/ErrorHandler.php, line 116]
2019-05-09 13:29:25 Error: [FatalErrorException] Uncaught TypeError: Argument 1 passed to ErrorHandler::handleException() must be an instance of Exception, instance of Error given in /var/www/html/cakephp/lib/Cake/Error/ErrorHandler.php:116
Stack trace:
#0 [internal function]: ErrorHandler::handleException(Object(Error))
#1 {main}
  thrown
Request URL: /cakephp/auth/me
Stack Trace:
#0 /var/www/html/cakephp/lib/Cake/Error/ErrorHandler.php(213): ErrorHandler::handleFatalError(1, 'Uncaught TypeEr...', '/var/www/html/c...', 116)
#1 /var/www/html/cakephp/lib/Cake/Core/App.php(933): ErrorHandler::handleError(1, 'Uncaught TypeEr...', '/var/www/html/c...', 116, Array)
#2 /var/www/html/cakephp/lib/Cake/Core/App.php(906): App::_checkFatalError()
#3 [internal function]: App::shutdown()
#4 {main}
2019-05-09 13:29:36 Error: Fatal Error (1): Uncaught TypeError: Argument 1 passed to ErrorHandler::handleException() must be an instance of Exception, instance of Error given in /var/www/html/cakephp/lib/Cake/Error/ErrorHandler.php:116
Stack trace:
#0 [internal function]: ErrorHandler::handleException(Object(Error))
#1 {main}
  thrown in [/var/www/html/cakephp/lib/Cake/Error/ErrorHandler.php, line 116]
2019-05-09 13:29:36 Error: [FatalErrorException] Uncaught TypeError: Argument 1 passed to ErrorHandler::handleException() must be an instance of Exception, instance of Error given in /var/www/html/cakephp/lib/Cake/Error/ErrorHandler.php:116
Stack trace:
#0 [internal function]: ErrorHandler::handleException(Object(Error))
#1 {main}
  thrown
Request URL: /cakephp/auth/me
Stack Trace:
#0 /var/www/html/cakephp/lib/Cake/Error/ErrorHandler.php(213): ErrorHandler::handleFatalError(1, 'Uncaught TypeEr...', '/var/www/html/c...', 116)
#1 /var/www/html/cakephp/lib/Cake/Core/App.php(933): ErrorHandler::handleError(1, 'Uncaught TypeEr...', '/var/www/html/c...', 116, Array)
#2 /var/www/html/cakephp/lib/Cake/Core/App.php(906): App::_checkFatalError()
#3 [internal function]: App::shutdown()
#4 {main}
2019-05-09 13:30:16 Error: Fatal Error (1): Uncaught TypeError: Argument 1 passed to ErrorHandler::handleException() must be an instance of Exception, instance of Error given in /var/www/html/cakephp/lib/Cake/Error/ErrorHandler.php:116
Stack trace:
#0 [internal function]: ErrorHandler::handleException(Object(Error))
#1 {main}
  thrown in [/var/www/html/cakephp/lib/Cake/Error/ErrorHandler.php, line 116]
2019-05-09 13:30:16 Error: [FatalErrorException] Uncaught TypeError: Argument 1 passed to ErrorHandler::handleException() must be an instance of Exception, instance of Error given in /var/www/html/cakephp/lib/Cake/Error/ErrorHandler.php:116
Stack trace:
#0 [internal function]: ErrorHandler::handleException(Object(Error))
#1 {main}
  thrown
Request URL: /cakephp/auth/me
Stack Trace:
#0 /var/www/html/cakephp/lib/Cake/Error/ErrorHandler.php(213): ErrorHandler::handleFatalError(1, 'Uncaught TypeEr...', '/var/www/html/c...', 116)
#1 /var/www/html/cakephp/lib/Cake/Core/App.php(933): ErrorHandler::handleError(1, 'Uncaught TypeEr...', '/var/www/html/c...', 116, Array)
#2 /var/www/html/cakephp/lib/Cake/Core/App.php(906): App::_checkFatalError()
#3 [internal function]: App::shutdown()
#4 {main}
2019-05-09 13:30:40 Error: Fatal Error (1): Uncaught TypeError: Argument 1 passed to ErrorHandler::handleException() must be an instance of Exception, instance of Error given in /var/www/html/cakephp/lib/Cake/Error/ErrorHandler.php:116
Stack trace:
#0 [internal function]: ErrorHandler::handleException(Object(Error))
#1 {main}
  thrown in [/var/www/html/cakephp/lib/Cake/Error/ErrorHandler.php, line 116]
2019-05-09 13:30:40 Error: [FatalErrorException] Uncaught TypeError: Argument 1 passed to ErrorHandler::handleException() must be an instance of Exception, instance of Error given in /var/www/html/cakephp/lib/Cake/Error/ErrorHandler.php:116
Stack trace:
#0 [internal function]: ErrorHandler::handleException(Object(Error))
#1 {main}
  thrown
Request URL: /cakephp/auth/me
Stack Trace:
#0 /var/www/html/cakephp/lib/Cake/Error/ErrorHandler.php(213): ErrorHandler::handleFatalError(1, 'Uncaught TypeEr...', '/var/www/html/c...', 116)
#1 /var/www/html/cakephp/lib/Cake/Core/App.php(933): ErrorHandler::handleError(1, 'Uncaught TypeEr...', '/var/www/html/c...', 116, Array)
#2 /var/www/html/cakephp/lib/Cake/Core/App.php(906): App::_checkFatalError()
#3 [internal function]: App::shutdown()
#4 {main}
2019-05-09 13:31:58 Error: [MissingControllerException] Controller class UsersController could not be found.
Exception Attributes: array (
  'class' => 'UsersController',
  'plugin' => NULL,
)
Request URL: /cakephp/users/login
Stack Trace:
#0 /var/www/html/cakephp/app/webroot/index.php(117): Dispatcher->dispatch(Object(CakeRequest), Object(CakeResponse))
#1 {main}
2019-05-09 13:33:06 Error: [MissingControllerException] Controller class UsersController could not be found.
Exception Attributes: array (
  'class' => 'UsersController',
  'plugin' => NULL,
)
Request URL: /cakephp/users/login
Stack Trace:
#0 /var/www/html/cakephp/app/webroot/index.php(117): Dispatcher->dispatch(Object(CakeRequest), Object(CakeResponse))
#1 {main}
2019-05-09 13:49:33 Error: [MissingControllerException] Controller class UsersController could not be found.
Exception Attributes: array (
  'class' => 'UsersController',
  'plugin' => NULL,
)
Request URL: /cakephp/users/login
Stack Trace:
#0 /var/www/html/cakephp/app/webroot/index.php(117): Dispatcher->dispatch(Object(CakeRequest), Object(CakeResponse))
#1 {main}
2019-05-09 13:53:27 Error: [MissingControllerException] Controller class UsersController could not be found.
Exception Attributes: array (
  'class' => 'UsersController',
  'plugin' => NULL,
)
Request URL: /cakephp/users/login
Stack Trace:
#0 /var/www/html/cakephp/app/webroot/index.php(117): Dispatcher->dispatch(Object(CakeRequest), Object(CakeResponse))
#1 {main}
2019-05-09 15:04:06 Error: [MissingControllerException] Controller class UsersController could not be found.
Exception Attributes: array (
  'class' => 'UsersController',
  'plugin' => NULL,
)
Request URL: /cakephp/users/login
Stack Trace:
#0 /var/www/html/cakephp/app/webroot/index.php(117): Dispatcher->dispatch(Object(CakeRequest), Object(CakeResponse))
#1 {main}
2019-05-09 15:06:10 Error: [MissingControllerException] Controller class UsersController could not be found.
Exception Attributes: array (
  'class' => 'UsersController',
  'plugin' => NULL,
)
Request URL: /cakephp/users/login
Stack Trace:
#0 /var/www/html/cakephp/app/webroot/index.php(117): Dispatcher->dispatch(Object(CakeRequest), Object(CakeResponse))
#1 {main}
2019-05-09 15:06:27 Error: [MissingControllerException] Controller class UsersController could not be found.
Exception Attributes: array (
  'class' => 'UsersController',
  'plugin' => NULL,
)
Request URL: /cakephp/users/login
Stack Trace:
#0 /var/www/html/cakephp/app/webroot/index.php(117): Dispatcher->dispatch(Object(CakeRequest), Object(CakeResponse))
#1 {main}
2019-05-09 15:06:29 Error: [MissingControllerException] Controller class UsersController could not be found.
Exception Attributes: array (
  'class' => 'UsersController',
  'plugin' => NULL,
)
Request URL: /cakephp/users/login
Stack Trace:
#0 /var/www/html/cakephp/app/webroot/index.php(117): Dispatcher->dispatch(Object(CakeRequest), Object(CakeResponse))
#1 {main}
2019-05-09 15:06:43 Error: [MissingControllerException] Controller class UsersController could not be found.
Exception Attributes: array (
  'class' => 'UsersController',
  'plugin' => NULL,
)
Request URL: /cakephp/users/login
Stack Trace:
#0 /var/www/html/cakephp/app/webroot/index.php(117): Dispatcher->dispatch(Object(CakeRequest), Object(CakeResponse))
#1 {main}
2019-05-09 15:07:10 Error: [MissingControllerException] Controller class UsersController could not be found.
Exception Attributes: array (
  'class' => 'UsersController',
  'plugin' => NULL,
)
Request URL: /cakephp/users/login
Stack Trace:
#0 /var/www/html/cakephp/app/webroot/index.php(117): Dispatcher->dispatch(Object(CakeRequest), Object(CakeResponse))
#1 {main}
2019-05-09 15:07:27 Error: [MissingControllerException] Controller class UsersController could not be found.
Exception Attributes: array (
  'class' => 'UsersController',
  'plugin' => NULL,
)
Request URL: /cakephp/users/login
Stack Trace:
#0 /var/www/html/cakephp/app/webroot/index.php(117): Dispatcher->dispatch(Object(CakeRequest), Object(CakeResponse))
#1 {main}
2019-05-09 15:11:23 Error: [MissingControllerException] Controller class UsersController could not be found.
Exception Attributes: array (
  'class' => 'UsersController',
  'plugin' => NULL,
)
Request URL: /cakephp/users/login
Stack Trace:
#0 /var/www/html/cakephp/app/webroot/index.php(117): Dispatcher->dispatch(Object(CakeRequest), Object(CakeResponse))
#1 {main}
